2026-06-01 13:30:52,899 - INFO - Попытка подключения к AutoCAD...
2026-06-01 13:30:52,912 - INFO - ✅ Подключено к запущенному AutoCAD
2026-06-01 13:30:55,284 - INFO - Попытка получить выбранный блок...
2026-06-01 13:30:55,294 - INFO - Выбран объект: AcDbBlockReference, IsDynamicBlock=True
2026-06-01 13:30:55,296 - INFO - ✅ Найден динамический блок: HeightsForCabs
2026-06-01 13:30:55,296 - INFO - === Начало получения свойств ===
2026-06-01 13:30:55,307 - INFO - Тип возвращённого объекта: <class 'tuple'>
2026-06-01 13:30:55,307 - INFO - Получен tuple с 12 свойствами
2026-06-01 13:30:55,311 - INFO - Свойство  1: Bottom_Height = 915.0 (ReadOnly=False)
2026-06-01 13:30:55,315 - INFO - Свойство  2: Origin = (0.0, 0.0) (ReadOnly=True)
2026-06-01 13:30:55,318 - INFO - Свойство  3: Middle_Height = 610.0 (ReadOnly=False)
2026-06-01 13:30:55,322 - INFO - Свойство  4: Origin = (0.0, 915.0) (ReadOnly=True)
2026-06-01 13:30:55,326 - INFO - Свойство  5: Upper_Height = 850.0 (ReadOnly=True)
2026-06-01 13:30:55,330 - INFO - Свойство  6: Origin = (0.0, 1525.0) (ReadOnly=True)
2026-06-01 13:30:55,333 - INFO - Свойство  7: Floor_Height = 13.0 (ReadOnly=False)
2026-06-01 13:30:55,337 - INFO - Свойство  8: Origin = (0.0, 0.0) (ReadOnly=True)
2026-06-01 13:30:55,342 - INFO - Свойство  9: UpperFiller_Height = 50.0 (ReadOnly=False)
2026-06-01 13:30:55,345 - INFO - Свойство 10: Origin = (0.0, 2375.0) (ReadOnly=True)
2026-06-01 13:30:55,348 - INFO - Свойство 11: Opening_Height = 2438.0 (ReadOnly=False)
2026-06-01 13:30:55,351 - INFO - Свойство 12: Origin = (0.0, -13.0) (ReadOnly=True)
2026-06-01 13:30:55,351 - INFO - Итого загружено свойств: 12
2026-06-01 13:31:19,762 - INFO - Попытка получить выбранный блок...
2026-06-01 13:31:19,772 - INFO - Выбран объект: AcDbBlockReference, IsDynamicBlock=True
2026-06-01 13:31:19,773 - INFO - ✅ Найден динамический блок: HeightsForCabs
2026-06-01 13:31:19,774 - INFO - === Начало получения свойств ===
2026-06-01 13:31:19,785 - INFO - Тип возвращённого объекта: <class 'tuple'>
2026-06-01 13:31:19,785 - INFO - Получен tuple с 12 свойствами
2026-06-01 13:31:19,788 - INFO - Свойство  1: Bottom_Height = 915.0 (ReadOnly=False)
2026-06-01 13:31:19,792 - INFO - Свойство  2: Origin = (0.0, 0.0) (ReadOnly=True)
2026-06-01 13:31:19,795 - INFO - Свойство  3: Middle_Height = 610.0 (ReadOnly=False)
2026-06-01 13:31:19,799 - INFO - Свойство  4: Origin = (0.0, 915.0) (ReadOnly=True)
2026-06-01 13:31:19,803 - INFO - Свойство  5: Upper_Height = 850.0 (ReadOnly=True)
2026-06-01 13:31:19,806 - INFO - Свойство  6: Origin = (0.0, 1525.0) (ReadOnly=True)
2026-06-01 13:31:19,809 - INFO - Свойство  7: Floor_Height = 13.0 (ReadOnly=False)
2026-06-01 13:31:19,813 - INFO - Свойство  8: Origin = (0.0, 0.0) (ReadOnly=True)
2026-06-01 13:31:19,817 - INFO - Свойство  9: UpperFiller_Height = 50.0 (ReadOnly=False)
2026-06-01 13:31:19,820 - INFO - Свойство 10: Origin = (0.0, 2375.0) (ReadOnly=True)
2026-06-01 13:31:19,824 - INFO - Свойство 11: Opening_Height = 2438.0 (ReadOnly=False)
2026-06-01 13:31:19,827 - INFO - Свойство 12: Origin = (0.0, -13.0) (ReadOnly=True)
2026-06-01 13:31:19,827 - INFO - Итого загружено свойств: 12
2026-06-01 13:43:01,844 - INFO - Попытка получить выбранный блок...
2026-06-01 13:43:01,853 - INFO - Выбран объект: AcDbBlockReference, IsDynamicBlock=True
2026-06-01 13:43:01,854 - INFO - ✅ Найден динамический блок: upper_cab_swing
2026-06-01 13:43:01,855 - INFO - === Начало получения свойств ===
2026-06-01 13:43:01,871 - INFO - Тип возвращённого объекта: <class 'tuple'>
2026-06-01 13:43:01,871 - INFO - Получен tuple с 19 свойствами
2026-06-01 13:43:01,874 - INFO - Свойство  1: Width = 500.0 (ReadOnly=False)
2026-06-01 13:43:01,877 - INFO - Свойство  2: Origin = (0.0, -7.275957614183426e-12) (ReadOnly=True)
2026-06-01 13:43:01,880 - INFO - Свойство  3: Height = 850.0 (ReadOnly=False)
2026-06-01 13:43:01,883 - INFO - Свойство  4: Origin = (0.0, -7.275957614183426e-12) (ReadOnly=True)
2026-06-01 13:43:01,887 - INFO - Свойство  5: Side = 0 (ReadOnly=False)
2026-06-01 13:43:01,890 - INFO - Свойство  6: Doors_n_Accent = 1 door (ReadOnly=False)
2026-06-01 13:43:01,894 - INFO - Свойство  7: Move X = 0.0 (ReadOnly=False)
2026-06-01 13:43:01,897 - INFO - Свойство  8: Move Y = 2535.0 (ReadOnly=False)
2026-06-01 13:43:01,901 - INFO - Свойство  9: Rotate = 0.0 (ReadOnly=False)
2026-06-01 13:43:01,905 - INFO - Свойство 10: Origin = (0.0, 2535.0) (ReadOnly=True)
2026-06-01 13:43:01,908 - INFO - Свойство 11: д1 = 500.0 (ReadOnly=True)
2026-06-01 13:43:01,912 - INFO - Свойство 12: Origin = (0.0, 2535.0) (ReadOnly=True)
2026-06-01 13:43:01,915 - INFO - Свойство 13: Depth = 356.0 (ReadOnly=False)
2026-06-01 13:43:01,919 - INFO - Свойство 14: Origin = (0.0, 2535.0) (ReadOnly=True)
2026-06-01 13:43:01,922 - INFO - Свойство 15: isBottom = 0.0 (ReadOnly=False)
2026-06-01 13:43:01,926 - INFO - Свойство 16: isTop = 1.0 (ReadOnly=False)
2026-06-01 13:43:01,929 - INFO - Свойство 17: ChangeHeight = 1.0 (ReadOnly=False)
2026-06-01 13:43:01,933 - INFO - Свойство 18: ChangeWidth = 1.0 (ReadOnly=False)
2026-06-01 13:43:01,937 - INFO - Свойство 19: ChangeDepth = 1.0 (ReadOnly=False)
2026-06-01 13:43:01,937 - INFO - Итого загружено свойств: 19
2026-06-01 15:12:42,414 - INFO - Попытка подключения к AutoCAD...
2026-06-01 15:12:42,424 - INFO - ✅ Подключено к запущенному AutoCAD
2026-06-01 15:12:45,244 - INFO - Попытка получить выбранный блок...
2026-06-01 15:12:45,254 - INFO - Выбран объект: AcDbBlockReference, IsDynamicBlock=True
2026-06-01 15:12:45,256 - INFO - ✅ Найден динамический блок: upper_filler
2026-06-01 15:12:45,256 - INFO - === Начало получения свойств ===
2026-06-01 15:12:45,270 - INFO - Тип возвращённого объекта: <class 'tuple'>
2026-06-01 15:12:45,270 - INFO - Получен tuple с 17 свойствами
2026-06-01 15:12:45,274 - INFO - Свойство  1: upper_filler_w = 1689.9999999999995 (ReadOnly=False)
2026-06-01 15:12:45,278 - INFO - Свойство  2: Origin = (0.0, 0.0) (ReadOnly=True)
2026-06-01 15:12:45,282 - INFO - Свойство  3: upper_filler_h = 50.0 (ReadOnly=False)
2026-06-01 15:12:45,285 - INFO - Свойство  4: Origin = (0.0, 0.0) (ReadOnly=True)
2026-06-01 15:12:45,289 - INFO - Свойство  5: upper_filler_Accent = No gaps No accent (ReadOnly=False)
2026-06-01 15:12:45,293 - INFO - Свойство  6: Side = 0 (ReadOnly=False)
2026-06-01 15:12:45,296 - INFO - Свойство  7: side_indent = 21.0 (ReadOnly=False)
2026-06-01 15:12:45,300 - INFO - Свойство  8: Origin = (1690.0, 3.1044796358385403e-13) (ReadOnly=True)
2026-06-01 15:12:45,303 - INFO - Свойство  9: д1 = 21.0 (ReadOnly=True)
2026-06-01 15:12:45,307 - INFO - Свойство 10: Origin = (0.0, 0.0) (ReadOnly=True)
2026-06-01 15:12:45,310 - INFO - Свойство 11: isTop = 1.0 (ReadOnly=False)
2026-06-01 15:12:45,313 - INFO - Свойство 12: isBottom = 0.0 (ReadOnly=False)
2026-06-01 15:12:45,317 - INFO - Свойство 13: ChangeHeight = 0.0 (ReadOnly=False)
2026-06-01 15:12:45,320 - INFO - Свойство 14: ChangeWidth = 1.0 (ReadOnly=False)
2026-06-01 15:12:45,326 - INFO - Свойство 15: ChangeDepth = 0.0 (ReadOnly=False)
2026-06-01 15:12:45,329 - INFO - Свойство 16: Recalculated_Height = 0.0 (ReadOnly=False)
2026-06-01 15:12:45,333 - INFO - Свойство 17: Recalculated_Width = 1.0 (ReadOnly=False)
2026-06-01 15:12:45,333 - INFO - Итого загружено свойств: 17
2026-06-01 15:19:00,179 - INFO - Попытка получить выбранный блок...
2026-06-01 15:19:00,189 - INFO - Выбран объект: AcDbBlockReference, IsDynamicBlock=True
2026-06-01 15:19:00,191 - INFO - ✅ Найден динамический блок: countertop20
2026-06-01 15:19:00,191 - INFO - === Начало получения свойств ===
2026-06-01 15:19:00,198 - INFO - Тип возвращённого объекта: <class 'tuple'>
2026-06-01 15:19:00,198 - INFO - Получен tuple с 7 свойствами
2026-06-01 15:19:00,201 - INFO - Свойство  1: countertop_w = 1090.0 (ReadOnly=False)
2026-06-01 15:19:00,205 - INFO - Свойство  2: Origin = (0.0, 0.0) (ReadOnly=True)
2026-06-01 15:19:00,208 - INFO - Свойство  3: countertop_h = 20.0 (ReadOnly=False)
2026-06-01 15:19:00,212 - INFO - Свойство  4: Origin = (0.0, 0.0) (ReadOnly=True)
2026-06-01 15:19:00,215 - INFO - Свойство  5: Side = 0 (ReadOnly=False)
2026-06-01 15:19:00,218 - INFO - Свойство  6: Recalculated_Width = 1.0 (ReadOnly=False)
2026-06-01 15:19:00,221 - INFO - Свойство  7: Recalculated_Height = 0.0 (ReadOnly=False)
2026-06-01 15:19:00,222 - INFO - Итого загружено свойств: 7
2026-06-01 15:20:26,151 - INFO - Попытка получить выбранный блок...
2026-06-01 15:20:26,159 - INFO - Выбран объект: AcDbBlockReference, IsDynamicBlock=True
2026-06-01 15:20:26,161 - INFO - ✅ Найден динамический блок: Kick_plate
2026-06-01 15:20:26,161 - INFO - === Начало получения свойств ===
2026-06-01 15:20:26,171 - INFO - Тип возвращённого объекта: <class 'tuple'>
2026-06-01 15:20:26,171 - INFO - Получен tuple с 12 свойствами
2026-06-01 15:20:26,175 - INFO - Свойство  1: kick_plate_w = 1090.0 (ReadOnly=False)
2026-06-01 15:20:26,179 - INFO - Свойство  2: Origin = (0.0, 0.0) (ReadOnly=True)
2026-06-01 15:20:26,182 - INFO - Свойство  3: kick_plate_h = 102.0 (ReadOnly=False)
2026-06-01 15:20:26,186 - INFO - Свойство  4: Origin = (0.0, 0.0) (ReadOnly=True)
2026-06-01 15:20:26,190 - INFO - Свойство  5: kick_gap = 76.0 (ReadOnly=False)
2026-06-01 15:20:26,194 - INFO - Свойство  6: Origin = (1090.0, 3.337162527676537e-13) (ReadOnly=True)
2026-06-01 15:20:26,198 - INFO - Свойство  7: д1 = 76.0000000000001 (ReadOnly=True)
2026-06-01 15:20:26,201 - INFO - Свойство  8: Origin = (0.0, 0.0) (ReadOnly=True)
2026-06-01 15:20:26,205 - INFO - Свойство  9: kick_gap_quantity = No gaps (ReadOnly=False)
2026-06-01 15:20:26,209 - INFO - Свойство 10: Side = 0 (ReadOnly=False)
2026-06-01 15:20:26,212 - INFO - Свойство 11: Recalculated_Height = 0.0 (ReadOnly=False)
2026-06-01 15:20:26,215 - INFO - Свойство 12: Recalculated_Width = 1.0 (ReadOnly=False)
2026-06-01 15:20:26,215 - INFO - Итого загружено свойств: 12



2026-06-01 15:32:42,447 - INFO - Попытка получить выбранный блок...
2026-06-01 15:32:42,456 - INFO - Выбран объект: AcDbBlockReference, IsDynamicBlock=True
2026-06-01 15:32:42,457 - INFO - ✅ Найден динамический блок: HeightsForCabs
2026-06-01 15:32:42,458 - INFO - === Начало получения свойств ===
2026-06-01 15:32:42,469 - INFO - Тип возвращённого объекта: <class 'tuple'>
2026-06-01 15:32:42,469 - INFO - Получен tuple с 12 свойствами
2026-06-01 15:32:42,473 - INFO - Свойство  1: Bottom_Height = 915.0 (ReadOnly=False)
2026-06-01 15:32:42,477 - INFO - Свойство  2: Origin = (0.0, 0.0) (ReadOnly=True)
2026-06-01 15:32:42,481 - INFO - Свойство  3: Middle_Height = 610.0 (ReadOnly=False)
2026-06-01 15:32:42,485 - INFO - Свойство  4: Origin = (0.0, 915.0) (ReadOnly=True)
2026-06-01 15:32:42,488 - INFO - Свойство  5: Upper_Height = 850.0 (ReadOnly=True)
2026-06-01 15:32:42,492 - INFO - Свойство  6: Origin = (0.0, 1525.0) (ReadOnly=True)
2026-06-01 15:32:42,496 - INFO - Свойство  7: Floor_Height = 13.0 (ReadOnly=False)
2026-06-01 15:32:42,500 - INFO - Свойство  8: Origin = (0.0, 0.0) (ReadOnly=True)
2026-06-01 15:32:42,504 - INFO - Свойство  9: UpperFiller_Height = 50.0 (ReadOnly=False)
2026-06-01 15:32:42,508 - INFO - Свойство 10: Origin = (0.0, 2375.0) (ReadOnly=True)
2026-06-01 15:32:42,512 - INFO - Свойство 11: Opening_Height = 2438.0 (ReadOnly=False)
2026-06-01 15:32:42,516 - INFO - Свойство 12: Origin = (0.0, -13.0) (ReadOnly=True)
2026-06-01 15:32:42,516 - INFO - Итого загружено свойств: 12
2026-06-02 16:32:06,242 - INFO - Попытка подключения к AutoCAD...
2026-06-02 16:32:06,258 - INFO - ✅ Подключено к запущенному AutoCAD
2026-06-02 16:32:11,548 - INFO - Попытка получить выбранный блок...
2026-06-02 16:32:11,553 - INFO - Выбран объект: AcDbBlockReference, IsDynamicBlock=True
2026-06-02 16:32:11,554 - INFO - ✅ Найден динамический блок: upper_cab_swing
2026-06-02 16:32:11,554 - INFO - === Начало получения свойств ===
2026-06-02 16:32:11,567 - INFO - Тип возвращённого объекта: <class 'tuple'>
2026-06-02 16:32:11,567 - INFO - Получен tuple с 19 свойствами
2026-06-02 16:32:11,570 - INFO - Свойство  1: Width = 610.0 (ReadOnly=False)
2026-06-02 16:32:11,574 - INFO - Свойство  2: Origin = (0.0, -7.275957614183426e-12) (ReadOnly=True)
2026-06-02 16:32:11,576 - INFO - Свойство  3: Height = 850.0 (ReadOnly=False)
2026-06-02 16:32:11,579 - INFO - Свойство  4: Origin = (0.0, -7.275957614183426e-12) (ReadOnly=True)
2026-06-02 16:32:11,587 - INFO - Свойство  5: Side = 0 (ReadOnly=False)
2026-06-02 16:32:11,594 - INFO - Свойство  6: Doors_n_Accent = 1 door (ReadOnly=False)
2026-06-02 16:32:11,598 - INFO - Свойство  7: Move X = 0.0 (ReadOnly=False)
2026-06-02 16:32:11,602 - INFO - Свойство  8: Move Y = 2535.0 (ReadOnly=False)
2026-06-02 16:32:11,605 - INFO - Свойство  9: Rotate = 0.0 (ReadOnly=False)
2026-06-02 16:32:11,609 - INFO - Свойство 10: Origin = (0.0, 2535.0) (ReadOnly=True)
2026-06-02 16:32:11,613 - INFO - Свойство 11: д1 = 610.0 (ReadOnly=True)
2026-06-02 16:32:11,617 - INFO - Свойство 12: Origin = (0.0, 2535.0) (ReadOnly=True)
2026-06-02 16:32:11,621 - INFO - Свойство 13: Depth = 356.0 (ReadOnly=False)
2026-06-02 16:32:11,625 - INFO - Свойство 14: Origin = (0.0, 2535.0) (ReadOnly=True)
2026-06-02 16:32:11,629 - INFO - Свойство 15: isBottom = 0.0 (ReadOnly=False)
2026-06-02 16:32:11,635 - INFO - Свойство 16: isTop = 1.0 (ReadOnly=False)
2026-06-02 16:32:11,643 - INFO - Свойство 17: ChangeHeight = 1.0 (ReadOnly=False)
2026-06-02 16:32:11,652 - INFO - Свойство 18: ChangeWidth = 1.0 (ReadOnly=False)
2026-06-02 16:32:11,659 - INFO - Свойство 19: ChangeDepth = 1.0 (ReadOnly=False)
2026-06-02 16:32:11,659 - INFO - Итого загружено свойств: 19
